[2017-04-26 18:29:19] START
[2017-04-26 18:31:40] EDIT Carpool/models/db.py: 21
[2017-04-26 18:32:14] EDIT Carpool/models/db.py: 0
[2017-04-26 18:32:15] EDIT Carpool/models/db.py: 0
[2017-04-26 18:33:01] EDIT Carpool/controllers/default.py: 1
[2017-04-26 18:33:05] EDIT Carpool/controllers/default.py: 0
[2017-04-26 18:34:04] EDIT Carpool/controllers/default.py: 2
[2017-04-26 18:35:12] EDIT Carpool/controllers/default.py: 1
[2017-04-26 18:35:53] EDIT Carpool/controllers/default.py: 3
[2017-04-26 18:37:05] EDIT Carpool/controllers/default.py: 7
[2017-04-26 18:37:09] EDIT Carpool/controllers/default.py: 0
[2017-04-26 18:51:07] EDIT Carpool/models/db.py: 1
[2017-04-26 18:51:41] EDIT Carpool/models/db.py: 0
[2017-04-26 18:51:45] EDIT Carpool/models/db.py: 0
[2017-04-26 18:52:21] EDIT Carpool/controllers/default.py: 1
[2017-04-26 18:52:21] EDIT Carpool/controllers/default.py: 0
[2017-04-26 19:13:35] EDIT Carpool/models/db.py: 0
[2017-04-26 19:13:37] EDIT Carpool/models/db.py: 0
[2017-04-26 19:13:39] EDIT Carpool/models/db.py: 0
[2017-04-26 19:13:39] EDIT Carpool/models/db.py: 0
[2017-04-26 19:13:40] EDIT Carpool/models/db.py: 0
[2017-04-26 19:13:41] EDIT Carpool/models/db.py: 0
[2017-04-26 19:32:07] EDIT Carpool/controllers/default.py: 1
[2017-04-26 19:32:23] EDIT Carpool/controllers/default.py: 0
[2017-04-26 19:32:48] EDIT Carpool/controllers/default.py: 0
[2017-04-26 19:34:18] EDIT Carpool/controllers/default.py: 0
[2017-04-26 19:36:50] EDIT Carpool/controllers/default.py: 1
[2017-04-26 19:37:32] EDIT Carpool/controllers/default.py: 0
[2017-04-26 19:37:34] EDIT Carpool/controllers/default.py: 0
[2017-04-26 19:37:41] EDIT Carpool/controllers/default.py: 0
[2017-04-26 19:37:48] EDIT Carpool/controllers/default.py: 0
[2017-04-26 19:40:20] EDIT Carpool/controllers/default.py: 1
[2017-04-26 19:50:58] EDIT Carpool/models/db.py: 0
[2017-04-26 19:51:04] EDIT Carpool/models/db.py: 0
[2017-04-26 19:53:56] EDIT Carpool/models/db.py: -22
[2017-04-26 19:54:18] EDIT Carpool/models/db.py: 22
[2017-04-26 19:54:54] EDIT Carpool/controllers/default.py: -18
[2017-04-26 19:54:55] EDIT Carpool/controllers/default.py: 0
[2017-04-26 19:55:11] EDIT Carpool/controllers/default.py: 18
[2017-04-26 19:55:12] EDIT Carpool/controllers/default.py: 0
[2017-04-26 19:55:13] EDIT Carpool/controllers/default.py: 0
[2017-04-26 19:57:29] EDIT Carpool/models/db.py: 0
[2017-04-26 19:58:15] EDIT Carpool/models/db.py: 0
[2017-04-26 19:58:28] EDIT Carpool/models/db.py: 0
[2017-04-26 19:59:25] EDIT Carpool/models/db.py: 0
[2017-04-26 19:59:36] EDIT Carpool/models/db.py: 0
[2017-04-26 20:01:03] EDIT Carpool/models/db.py: 0
[2017-04-26 20:01:13] EDIT Carpool/models/db.py: 0
[2017-04-26 20:01:34] EDIT Carpool/models/db.py: 0
[2017-04-26 20:01:43] EDIT Carpool/models/db.py: 0
[2017-04-26 20:01:53] EDIT Carpool/models/db.py: 0
[2017-04-26 20:01:54] EDIT Carpool/models/db.py: 0
[2017-04-26 20:02:35] EDIT Carpool/models/db.py: -9
[2017-04-26 20:02:51] EDIT Carpool/controllers/default.py: 9
[2017-04-26 20:02:52] EDIT Carpool/controllers/default.py: 0
[2017-04-26 20:03:30] EDIT Carpool/models/db.py: 0
[2017-04-26 20:03:57] EDIT Carpool/models/db.py: 9
[2017-04-26 20:04:12] EDIT Carpool/models/db.py: -22
[2017-04-26 20:04:37] EDIT Carpool/models/db.py: 22
[2017-04-26 20:04:57] EDIT Carpool/controllers/default.py: -27
[2017-04-26 20:05:09] EDIT Carpool/controllers/default.py: 18
[2017-04-26 20:05:10] EDIT Carpool/controllers/default.py: 0
[2017-04-26 20:05:10] EDIT Carpool/controllers/default.py: 0
[2017-04-26 20:05:46] EDIT Carpool/models/db.py: -22
[2017-04-26 20:06:07] EDIT Carpool/models/db.py: 22
[2017-04-26 20:06:40] EDIT Carpool/models/db.py: -22
[2017-04-26 20:06:47] EDIT Carpool/models/db.py: 22
[2017-04-26 20:06:48] EDIT Carpool/models/db.py: 0
[2017-04-26 20:07:03] EDIT Carpool/models/db.py: -9
[2017-04-26 20:07:03] EDIT Carpool/models/db.py: 0
[2017-04-26 20:07:15] EDIT Carpool/models/db.py: 9
[2017-04-26 20:07:16] EDIT Carpool/models/db.py: 0
[2017-04-26 20:07:16] EDIT Carpool/models/db.py: 0
[2017-04-26 20:07:16] EDIT Carpool/models/db.py: 0
[2017-04-26 20:07:17] EDIT Carpool/models/db.py: 0
[2017-04-26 20:07:39] EDIT Carpool/models/db.py: 0
[2017-04-26 20:07:39] EDIT Carpool/models/db.py: 0
[2017-04-26 20:07:53] EDIT Carpool/models/db.py: 0
[2017-04-27 17:41:41] EDIT Carpool/models/db.py: -1
[2017-04-27 17:41:41] EDIT Carpool/models/db.py: 0
[2017-04-27 17:42:29] EDIT Carpool/models/db.py: 0
[2017-04-27 17:45:21] EDIT Carpool/models/db.py: 1
[2017-04-27 17:45:39] EDIT Carpool/models/db.py: 0
[2017-04-27 17:45:39] EDIT Carpool/models/db.py: 0
[2017-04-27 17:45:40] EDIT Carpool/models/db.py: 0
[2017-04-27 17:47:06] EDIT Carpool/models/db.py: 0
[2017-04-27 17:47:07] EDIT Carpool/models/db.py: 0
[2017-04-27 17:54:04] EDIT Carpool/models/db.py: -1
[2017-04-27 17:54:05] EDIT Carpool/models/db.py: 0
[2017-04-27 17:54:34] EDIT Carpool/models/db.py: 1
[2017-04-27 17:54:52] EDIT Carpool/models/db.py: 0
[2017-04-27 17:55:08] EDIT Carpool/models/db.py: 0
[2017-04-27 17:59:09] EDIT Carpool/controllers/default.py: 5
[2017-04-27 17:59:11] EDIT Carpool/controllers/default.py: 0
[2017-04-27 17:59:55] EDIT Carpool/controllers/default.py: 4
[2017-04-27 17:59:55] EDIT Carpool/controllers/default.py: 0
[2017-04-27 18:00:38] EDIT Carpool/controllers/default.py: 0
[2017-04-27 18:00:39] EDIT Carpool/controllers/default.py: 0
[2017-04-27 18:00:40] EDIT Carpool/controllers/default.py: 0
[2017-04-27 18:03:05] EDIT Carpool/controllers/default.py: 2
[2017-04-27 18:03:06] EDIT Carpool/controllers/default.py: 0
[2017-04-27 18:03:06] EDIT Carpool/controllers/default.py: 0
[2017-04-27 18:03:24] EDIT Carpool/controllers/default.py: 2
[2017-04-27 18:03:24] EDIT Carpool/controllers/default.py: 0
[2017-04-27 18:03:25] EDIT Carpool/controllers/default.py: 0
[2017-04-27 18:03:35] EDIT Carpool/controllers/default.py: 0
[2017-04-27 18:03:36] EDIT Carpool/controllers/default.py: 0
[2017-04-27 18:03:36] EDIT Carpool/controllers/default.py: 0
